<?xml version="1.0" encoding="UTF-8"?>
<testng-results skipped="0" failed="0" ignored="0" total="2" passed="2">
  <reporter-output>
  </reporter-output>
  <suite name="Regression Suite" duration-ms="16373" started-at="2022-09-14T01:25:06Z" finished-at="2022-09-14T01:25:23Z">
    <groups>
    </groups>
    <test name="TC001_LoginTest" duration-ms="11044" started-at="2022-09-14T01:25:06Z" finished-at="2022-09-14T01:25:17Z">
      <class name="com.OrangeHRM.testCases.TC001_LoginTest">
        <test-method status="PASS" signature="setup(java.lang.String)[pri:0, instance:com.OrangeHRM.testCases.TC001_LoginTest@18ee4de]" name="setup" is-config="true" duration-ms="4960" started-at="2022-09-14T01:25:06Z" finished-at="2022-09-14T01:25:11Z">
          <params>
            <param index="0">
              <value>
                <![CDATA[edge]]>
              </value>
            </param>
          </params>
          <reporter-output>
          </reporter-output>
        </test-method> <!-- setup -->
        <test-method status="PASS" signature="loginTest()[pri:0, instance:com.OrangeHRM.testCases.TC001_LoginTest@18ee4de]" name="loginTest" duration-ms="5292" started-at="2022-09-14T01:25:11Z" finished-at="2022-09-14T01:25:17Z">
          <reporter-output>
          </reporter-output>
        </test-method> <!-- loginTest -->
        <test-method status="PASS" signature="teardown()[pri:0, instance:com.OrangeHRM.testCases.TC001_LoginTest@18ee4de]" name="teardown" is-config="true" duration-ms="763" started-at="2022-09-14T01:25:17Z" finished-at="2022-09-14T01:25:17Z">
          <reporter-output>
          </reporter-output>
        </test-method> <!-- teardown -->
      </class> <!-- com.OrangeHRM.testCases.TC001_LoginTest -->
    </test> <!-- TC001_LoginTest -->
    <test name="TC002_CheckForgotYourPasswordText" duration-ms="5315" started-at="2022-09-14T01:25:17Z" finished-at="2022-09-14T01:25:23Z">
      <class name="com.OrangeHRM.testCases.TC002_CheckForgotYourPasswordText">
        <test-method status="PASS" signature="setup(java.lang.String)[pri:0, instance:com.OrangeHRM.testCases.TC002_CheckForgotYourPasswordText@d6388a]" name="setup" is-config="true" duration-ms="4181" started-at="2022-09-14T01:25:17Z" finished-at="2022-09-14T01:25:21Z">
          <params>
            <param index="0">
              <value>
                <![CDATA[edge]]>
              </value>
            </param>
          </params>
          <reporter-output>
          </reporter-output>
        </test-method> <!-- setup -->
        <test-method status="PASS" signature="forgotYourPasswordTest()[pri:0, instance:com.OrangeHRM.testCases.TC002_CheckForgotYourPasswordText@d6388a]" name="forgotYourPasswordTest" duration-ms="386" started-at="2022-09-14T01:25:21Z" finished-at="2022-09-14T01:25:22Z">
          <reporter-output>
          </reporter-output>
        </test-method> <!-- forgotYourPasswordTest -->
        <test-method status="PASS" signature="teardown()[pri:0, instance:com.OrangeHRM.testCases.TC002_CheckForgotYourPasswordText@d6388a]" name="teardown" is-config="true" duration-ms="746" started-at="2022-09-14T01:25:22Z" finished-at="2022-09-14T01:25:23Z">
          <reporter-output>
          </reporter-output>
        </test-method> <!-- teardown -->
      </class> <!-- com.OrangeHRM.testCases.TC002_CheckForgotYourPasswordText -->
    </test> <!-- TC002_CheckForgotYourPasswordText -->
  </suite> <!-- Regression Suite -->
</testng-results>
