<?xml version="1.0" encoding="UTF-8"?>
<testng-results skipped="0" failed="0" ignored="0" total="2" passed="2">
  <reporter-output>
  </reporter-output>
  <suite name="Regression Suite" duration-ms="15222" started-at="2022-09-14T01:09:33Z" finished-at="2022-09-14T01:09:48Z">
    <groups>
    </groups>
    <test name="TC001_LoginTest" duration-ms="9982" started-at="2022-09-14T01:09:33Z" finished-at="2022-09-14T01:09:43Z">
      <class name="com.OrangeHRM.testCases.TC001_LoginTest">
        <test-method status="PASS" signature="setup(java.lang.String)[pri:0, instance:com.OrangeHRM.testCases.TC001_LoginTest@10378a4]" name="setup" is-config="true" duration-ms="5458" started-at="2022-09-14T01:09:33Z" finished-at="2022-09-14T01:09:39Z">
          <params>
            <param index="0">
              <value>
                <![CDATA[edge]]>
              </value>
            </param>
          </params>
          <reporter-output>
          </reporter-output>
        </test-method> <!-- setup -->
        <test-method status="PASS" signature="loginTest()[pri:0, instance:com.OrangeHRM.testCases.TC001_LoginTest@10378a4]" name="loginTest" duration-ms="3701" started-at="2022-09-14T01:09:39Z" finished-at="2022-09-14T01:09:42Z">
          <reporter-output>
          </reporter-output>
        </test-method> <!-- loginTest -->
        <test-method status="PASS" signature="teardown()[pri:0, instance:com.OrangeHRM.testCases.TC001_LoginTest@10378a4]" name="teardown" is-config="true" duration-ms="786" started-at="2022-09-14T01:09:42Z" finished-at="2022-09-14T01:09:43Z">
          <reporter-output>
          </reporter-output>
        </test-method> <!-- teardown -->
      </class> <!-- com.OrangeHRM.testCases.TC001_LoginTest -->
    </test> <!-- TC001_LoginTest -->
    <test name="TC002_CheckForgotYourPasswordText" duration-ms="5230" started-at="2022-09-14T01:09:43Z" finished-at="2022-09-14T01:09:48Z">
      <class name="com.OrangeHRM.testCases.TC002_CheckForgotYourPasswordText">
        <test-method status="PASS" signature="setup(java.lang.String)[pri:0, instance:com.OrangeHRM.testCases.TC002_CheckForgotYourPasswordText@15c9c31]" name="setup" is-config="true" duration-ms="4075" started-at="2022-09-14T01:09:43Z" finished-at="2022-09-14T01:09:47Z">
          <params>
            <param index="0">
              <value>
                <![CDATA[edge]]>
              </value>
            </param>
          </params>
          <reporter-output>
          </reporter-output>
        </test-method> <!-- setup -->
        <test-method status="PASS" signature="forgotYourPasswordTest()[pri:0, instance:com.OrangeHRM.testCases.TC002_CheckForgotYourPasswordText@15c9c31]" name="forgotYourPasswordTest" duration-ms="401" started-at="2022-09-14T01:09:47Z" finished-at="2022-09-14T01:09:48Z">
          <reporter-output>
          </reporter-output>
        </test-method> <!-- forgotYourPasswordTest -->
        <test-method status="PASS" signature="teardown()[pri:0, instance:com.OrangeHRM.testCases.TC002_CheckForgotYourPasswordText@15c9c31]" name="teardown" is-config="true" duration-ms="751" started-at="2022-09-14T01:09:48Z" finished-at="2022-09-14T01:09:48Z">
          <reporter-output>
          </reporter-output>
        </test-method> <!-- teardown -->
      </class> <!-- com.OrangeHRM.testCases.TC002_CheckForgotYourPasswordText -->
    </test> <!-- TC002_CheckForgotYourPasswordText -->
  </suite> <!-- Regression Suite -->
</testng-results>
